<?xml version="1.0" encoding="UTF-8"?>
<!-- Generated by org.testng.reporters.JUnitXMLReporter -->
<testsuite hostname="MacBook-Pro" ignored="0" name="End to end Framework Test" tests="3" failures="0" timestamp="02 Apr 2023 21:42:28 GMT" time="59.436" errors="0">
  <testcase name="FillForm" time="16.565" classname="org.lisenokacademy.eCommerce_Hybrid"/>
  <testcase name="FillForm" time="16.815" classname="org.lisenokacademy.eCommerce_Hybrid"/>
  <testcase name="FillForm" time="16.373" classname="org.lisenokacademy.eCommerce_Hybrid"/>
</testsuite> <!-- End to end Framework Test -->
