<?xml version="1.0" encoding="UTF-8"?>
<!-- Generated by org.testng.reporters.JUnitXMLReporter -->
<testsuite hostname="MacBook-Pro" ignored="2" tests="0" failures="0" timestamp="02 Apr 2023 21:42:28 GMT" time="0.003" errors="0">
  <testcase name="FillForm_PositiveFlow" time="0.0" classname="org.lisenokacademy.eCommerce_tc_1">
    <ignored/>
  </testcase> <!-- FillForm_PositiveFlow -->
  <testcase name="FillForm_ErrorValidation" time="0.0" classname="org.lisenokacademy.eCommerce_tc_1">
    <ignored/>
  </testcase> <!-- FillForm_ErrorValidation -->
</testsuite>
