<?xml version="1.0" encoding="UTF-8"?>
<!-- Generated by org.testng.reporters.JUnitXMLReporter -->
<testsuite ignored="0" hostname="MacBook-Pro" failures="0" tests="3" name="End to end Framework Test" time="55.016" errors="0" timestamp="03 Apr 2023 07:02:48 GMT">
  <testcase classname="org.lisenokacademy.eCommerce_Hybrid" name="FillForm" time="16.001"/>
  <testcase classname="org.lisenokacademy.eCommerce_Hybrid" name="FillForm" time="15.791"/>
  <testcase classname="org.lisenokacademy.eCommerce_Hybrid" name="FillForm" time="15.859"/>
</testsuite> <!-- End to end Framework Test -->
