<?xml version="1.0" encoding="UTF-8"?>
<!-- Generated by org.testng.reporters.JUnitXMLReporter -->
<testsuite ignored="0" hostname="MacBook-Pro" failures="0" tests="2" name="Error Validation Test" time="30.606" errors="0" timestamp="03 Apr 2023 07:03:19 GMT">
  <testcase classname="org.lisenokacademy.eCommerce_tc_1" name="FillForm_ErrorValidation" time="7.327"/>
  <testcase classname="org.lisenokacademy.eCommerce_tc_1" name="FillForm_PositiveFlow" time="17.64"/>
</testsuite> <!-- Error Validation Test -->
